c:\users\wldbs\downloads\c 4\cw2_coloured_spaceship_1.5+comments +vmlib\cw2 2\_build_\debug-x64-msc-v143\x64\debug\x-glfw\monitor.obj
c:\users\wldbs\downloads\c 4\cw2_coloured_spaceship_1.5+comments +vmlib\cw2 2\_build_\debug-x64-msc-v143\x64\debug\x-glfw\null_window.obj
c:\users\wldbs\downloads\c 4\cw2_coloured_spaceship_1.5+comments +vmlib\cw2 2\_build_\debug-x64-msc-v143\x64\debug\x-glfw\win32_thread.obj
c:\users\wldbs\downloads\c 4\cw2_coloured_spaceship_1.5+comments +vmlib\cw2 2\_build_\debug-x64-msc-v143\x64\debug\x-glfw\context.obj
c:\users\wldbs\downloads\c 4\cw2_coloured_spaceship_1.5+comments +vmlib\cw2 2\_build_\debug-x64-msc-v143\x64\debug\x-glfw\wgl_context.obj
c:\users\wldbs\downloads\c 4\cw2_coloured_spaceship_1.5+comments +vmlib\cw2 2\_build_\debug-x64-msc-v143\x64\debug\x-glfw\win32_window.obj
c:\users\wldbs\downloads\c 4\cw2_coloured_spaceship_1.5+comments +vmlib\cw2 2\_build_\debug-x64-msc-v143\x64\debug\x-glfw\null_init.obj
c:\users\wldbs\downloads\c 4\cw2_coloured_spaceship_1.5+comments +vmlib\cw2 2\_build_\debug-x64-msc-v143\x64\debug\x-glfw\platform.obj
c:\users\wldbs\downloads\c 4\cw2_coloured_spaceship_1.5+comments +vmlib\cw2 2\_build_\debug-x64-msc-v143\x64\debug\x-glfw\win32_time.obj
c:\users\wldbs\downloads\c 4\cw2_coloured_spaceship_1.5+comments +vmlib\cw2 2\_build_\debug-x64-msc-v143\x64\debug\x-glfw\init.obj
c:\users\wldbs\downloads\c 4\cw2_coloured_spaceship_1.5+comments +vmlib\cw2 2\_build_\debug-x64-msc-v143\x64\debug\x-glfw\win32_module.obj
c:\users\wldbs\downloads\c 4\cw2_coloured_spaceship_1.5+comments +vmlib\cw2 2\_build_\debug-x64-msc-v143\x64\debug\x-glfw\egl_context.obj
c:\users\wldbs\downloads\c 4\cw2_coloured_spaceship_1.5+comments +vmlib\cw2 2\_build_\debug-x64-msc-v143\x64\debug\x-glfw\vulkan.obj
c:\users\wldbs\downloads\c 4\cw2_coloured_spaceship_1.5+comments +vmlib\cw2 2\_build_\debug-x64-msc-v143\x64\debug\x-glfw\input.obj
c:\users\wldbs\downloads\c 4\cw2_coloured_spaceship_1.5+comments +vmlib\cw2 2\_build_\debug-x64-msc-v143\x64\debug\x-glfw\win32_joystick.obj
c:\users\wldbs\downloads\c 4\cw2_coloured_spaceship_1.5+comments +vmlib\cw2 2\_build_\debug-x64-msc-v143\x64\debug\x-glfw\null_joystick.obj
c:\users\wldbs\downloads\c 4\cw2_coloured_spaceship_1.5+comments +vmlib\cw2 2\_build_\debug-x64-msc-v143\x64\debug\x-glfw\win32_init.obj
c:\users\wldbs\downloads\c 4\cw2_coloured_spaceship_1.5+comments +vmlib\cw2 2\_build_\debug-x64-msc-v143\x64\debug\x-glfw\window.obj
c:\users\wldbs\downloads\c 4\cw2_coloured_spaceship_1.5+comments +vmlib\cw2 2\_build_\debug-x64-msc-v143\x64\debug\x-glfw\null_monitor.obj
c:\users\wldbs\downloads\c 4\cw2_coloured_spaceship_1.5+comments +vmlib\cw2 2\_build_\debug-x64-msc-v143\x64\debug\x-glfw\osmesa_context.obj
c:\users\wldbs\downloads\c 4\cw2_coloured_spaceship_1.5+comments +vmlib\cw2 2\_build_\debug-x64-msc-v143\x64\debug\x-glfw\win32_monitor.obj
c:\users\wldbs\downloads\c 4\cw2_coloured_spaceship_1.5+comments +vmlib\cw2 2\lib\x-glfw-debug-x64-msc-v143.pdb
c:\users\wldbs\downloads\c 4\cw2_coloured_spaceship_1.5+comments +vmlib\cw2 2\lib\x-glfw-debug-x64-msc-v143.lib
c:\users\wldbs\downloads\c 4\cw2_coloured_spaceship_1.5+comments +vmlib\cw2 2\_build_\debug-x64-msc-v143\x64\debug\x-glfw\x-glfw.tlog\cl.10700.write.1.tlog
c:\users\wldbs\downloads\c 4\cw2_coloured_spaceship_1.5+comments +vmlib\cw2 2\_build_\debug-x64-msc-v143\x64\debug\x-glfw\x-glfw.tlog\cl.command.1.tlog
c:\users\wldbs\downloads\c 4\cw2_coloured_spaceship_1.5+comments +vmlib\cw2 2\_build_\debug-x64-msc-v143\x64\debug\x-glfw\x-glfw.tlog\cl.items.tlog
c:\users\wldbs\downloads\c 4\cw2_coloured_spaceship_1.5+comments +vmlib\cw2 2\_build_\debug-x64-msc-v143\x64\debug\x-glfw\x-glfw.tlog\cl.read.1.tlog
c:\users\wldbs\downloads\c 4\cw2_coloured_spaceship_1.5+comments +vmlib\cw2 2\_build_\debug-x64-msc-v143\x64\debug\x-glfw\x-glfw.tlog\lib-link.read.1.tlog
c:\users\wldbs\downloads\c 4\cw2_coloured_spaceship_1.5+comments +vmlib\cw2 2\_build_\debug-x64-msc-v143\x64\debug\x-glfw\x-glfw.tlog\lib-link.write.1.tlog
c:\users\wldbs\downloads\c 4\cw2_coloured_spaceship_1.5+comments +vmlib\cw2 2\_build_\debug-x64-msc-v143\x64\debug\x-glfw\x-glfw.tlog\lib.command.1.tlog
